[debug] [2020-09-11T13:56:07.599Z] ----------------------------------------------------------------------
[debug] [2020-09-11T13:56:07.601Z] Command:       C:\Program Files\nodejs\node.exe C:\Users\HP i7\AppData\Roaming\npm\node_modules\firebase-tools\lib\bin\firebase.js emulators:start
[debug] [2020-09-11T13:56:07.601Z] CLI Version:   8.10.0
[debug] [2020-09-11T13:56:07.601Z] Platform:      win32
[debug] [2020-09-11T13:56:07.602Z] Node Version:  v12.18.3
[debug] [2020-09-11T13:56:07.603Z] Time:          Fri Sep 11 2020 19:41:07 GMT+0545 (Nepal Time)
[debug] [2020-09-11T13:56:07.603Z] ----------------------------------------------------------------------
[debug] [2020-09-11T13:56:07.603Z] 
[debug] [2020-09-11T13:56:07.609Z] > command requires scopes: ["email","openid","https://www.googleapis.com/auth/cloudplatformprojects.readonly","https://www.googleapis.com/auth/firebase","https://www.googleapis.com/auth/cloud-platform"]
[debug] [2020-09-11T13:56:07.610Z] > authorizing via signed-in user
[info] i  emulators: Starting emulators: functions, hosting {"metadata":{"emulator":{"name":"hub"},"message":"Starting emulators: functions, hosting"}}
[warn] !  emulators: It seems that you are running multiple instances of the emulator suite for project clone-1a11b. This may result in unexpected behavior. 
[debug] [2020-09-11T13:56:09.673Z] [hub] writing locator at C:\Users\HPI7~1\AppData\Local\Temp\hub-clone-1a11b.json
[warn] !  functions: The following emulators are not running, calls to these services from the Functions emulator will affect production: firestore, database, pubsub {"metadata":{"emulator":{"name":"functions"},"message":"The following emulators are not running, calls to these services from the Functions emulator will affect production: \u001b[1mfirestore, database, pubsub\u001b[22m"}}
[warn] !  Your requested "node" version "10" doesn't match your global version "12" {"metadata":{"emulator":{"name":"functions"},"message":"Your requested \"node\" version \"10\" doesn't match your global version \"12\""}}
[debug] [2020-09-11T13:56:11.746Z] defaultcredentials: writing to file C:\Users\HP i7\AppData\Roaming\firebase\bhimrajyadav977_gmail_com_application_default_credentials.json
[debug] [2020-09-11T13:56:11.749Z] Setting GAC to C:\Users\HP i7\AppData\Roaming\firebase\bhimrajyadav977_gmail_com_application_default_credentials.json {"metadata":{"emulator":{"name":"functions"},"message":"Setting GAC to C:\\Users\\HP i7\\AppData\\Roaming\\firebase\\bhimrajyadav977_gmail_com_application_default_credentials.json"}}
[debug] [2020-09-11T13:56:13.791Z] > refreshing access token with scopes: ["email","https://www.googleapis.com/auth/cloud-platform","https://www.googleapis.com/auth/cloudplatformprojects.readonly","https://www.googleapis.com/auth/firebase","openid"]
[debug] [2020-09-11T13:56:13.791Z] >>> HTTP REQUEST POST https://www.googleapis.com/oauth2/v3/token  
 <request body omitted>
[debug] [2020-09-11T13:56:14.229Z] <<< HTTP RESPONSE 200 {"content-type":"application/json; charset=utf-8","vary":"X-Origin, Referer, Origin,Accept-Encoding","date":"Fri, 11 Sep 2020 13:56:14 GMT","server":"scaffolding on HTTPServer2","cache-control":"private","x-xss-protection":"0","x-frame-options":"SAMEORIGIN","x-content-type-options":"nosniff","alt-svc":"h3-29=\":443\"; ma=2592000,h3-27=\":443\"; ma=2592000,h3-T051=\":443\"; ma=2592000,h3-T050=\":443\"; ma=2592000,h3-Q050=\":443\"; ma=2592000,h3-Q046=\":443\"; ma=2592000,h3-Q043=\":443\"; ma=2592000,quic=\":443\"; ma=2592000; v=\"46,43\"","accept-ranges":"none","transfer-encoding":"chunked"}
[debug] [2020-09-11T13:56:22.262Z] >>> HTTP REQUEST GET https://firebase.googleapis.com/v1beta1/projects/clone-1a11b/webApps/-/config  
 
[debug] [2020-09-11T13:56:23.629Z] <<< HTTP RESPONSE 200 {"content-type":"application/json; charset=UTF-8","vary":"X-Origin, Referer, Origin,Accept-Encoding","date":"Fri, 11 Sep 2020 13:56:23 GMT","server":"ESF","cache-control":"private","x-xss-protection":"0","x-frame-options":"SAMEORIGIN","x-content-type-options":"nosniff","alt-svc":"h3-29=\":443\"; ma=2592000,h3-27=\":443\"; ma=2592000,h3-T051=\":443\"; ma=2592000,h3-T050=\":443\"; ma=2592000,h3-Q050=\":443\"; ma=2592000,h3-Q046=\":443\"; ma=2592000,h3-Q043=\":443\"; ma=2592000,quic=\":443\"; ma=2592000; v=\"46,43\"","accept-ranges":"none","transfer-encoding":"chunked"}
[info] i  hosting: Serving hosting files from: build {"metadata":{"emulator":{"name":"hosting"},"message":"Serving hosting files from: \u001b[1mbuild\u001b[22m"}}
[info] +  hosting: Local server: http://localhost:5000 {"metadata":{"emulator":{"name":"hosting"},"message":"Local server: \u001b[4m\u001b[1mhttp://localhost:5000\u001b[22m\u001b[24m"}}
[warn] !  ui: Emulator UI unable to start on port 4000, starting on 4001 instead. {"metadata":{"emulator":{"name":"ui"},"message":"Emulator UI unable to start on port 4000, starting on 4001 instead."}}
[debug] [2020-09-11T13:56:28.647Z] Ignoring unsupported arg: auto_download {"metadata":{"emulator":{"name":"ui"},"message":"Ignoring unsupported arg: auto_download"}}
[debug] [2020-09-11T13:56:28.647Z] Ignoring unsupported arg: port {"metadata":{"emulator":{"name":"ui"},"message":"Ignoring unsupported arg: port"}}
[debug] [2020-09-11T13:56:28.647Z] Starting Emulator UI with command {"binary":"node","args":["C:\\Users\\HP i7\\.cache\\firebase\\emulators\\ui-v1.1.1\\server.bundle.js"],"optionalArgs":[],"joinArgs":false} {"metadata":{"emulator":{"name":"ui"},"message":"Starting Emulator UI with command {\"binary\":\"node\",\"args\":[\"C:\\\\Users\\\\HP i7\\\\.cache\\\\firebase\\\\emulators\\\\ui-v1.1.1\\\\server.bundle.js\"],\"optionalArgs\":[],\"joinArgs\":false}"}}
[info] i  ui: Emulator UI logging to ui-debug.log {"metadata":{"emulator":{"name":"ui"},"message":"Emulator UI logging to \u001b[1mui-debug.log\u001b[22m"}}
[debug] [2020-09-11T13:56:28.766Z] Web / API server started at http://localhost:4001
 {"metadata":{"emulator":{"name":"ui"},"message":"Web / API server started at http://localhost:4001\n"}}
[info] i  functions: Watching "F:\Web Projects\React Apps\amazon-clone\functions" for Cloud Functions... {"metadata":{"emulator":{"name":"functions"},"message":"Watching \"F:\\Web Projects\\React Apps\\amazon-clone\\functions\" for Cloud Functions..."}}
[debug] [2020-09-11T13:56:29.195Z] [worker-pool] addWorker(~diagnostic~) {"metadata":{"emulator":{"name":"functions"},"message":"[worker-pool] addWorker(~diagnostic~)"}}
[debug] [2020-09-11T13:56:29.195Z] [worker-pool] Adding worker with key ~diagnostic~, total=1 {"metadata":{"emulator":{"name":"functions"},"message":"[worker-pool] Adding worker with key ~diagnostic~, total=1"}}
[debug] [2020-09-11T13:56:29.196Z] [worker-pool] submitWork(triggerId=) {"metadata":{"emulator":{"name":"functions"},"message":"[worker-pool] submitWork(triggerId=)"}}
[debug] [2020-09-11T13:56:29.196Z] [worker-~diagnostic~-cbb17c4b-aace-4228-9822-71123f7920d6]: Assigning socketPath: \\?\pipe\F:\Web Projects\React Apps\amazon-clone\functions\9276 {"metadata":{"emulator":{"name":"functions"},"message":"[worker-~diagnostic~-cbb17c4b-aace-4228-9822-71123f7920d6]: Assigning socketPath: \\\\?\\pipe\\F:\\Web Projects\\React Apps\\amazon-clone\\functions\\9276"}}
[debug] [2020-09-11T13:56:29.197Z] [worker-~diagnostic~-cbb17c4b-aace-4228-9822-71123f7920d6]: BUSY {"metadata":{"emulator":{"name":"functions"},"message":"[worker-~diagnostic~-cbb17c4b-aace-4228-9822-71123f7920d6]: BUSY"}}
[debug] [2020-09-11T13:56:29.614Z] [runtime-status] [9276] Functions runtime initialized. {"cwd":"F:\\Web Projects\\React Apps\\amazon-clone\\functions","node_version":"12.18.3"} {"metadata":{"emulator":{"name":"functions"},"message":"[runtime-status] [9276] Functions runtime initialized. {\"cwd\":\"F:\\\\Web Projects\\\\React Apps\\\\amazon-clone\\\\functions\",\"node_version\":\"12.18.3\"}"}}
[debug] [2020-09-11T13:56:29.616Z] [runtime-status] [9276] Disabled runtime features: undefined {"metadata":{"emulator":{"name":"functions"},"message":"[runtime-status] [9276] Disabled runtime features: undefined"}}
[debug] [2020-09-11T13:56:29.622Z] [runtime-status] [9276] Resolved module firebase-admin {"declared":true,"installed":true,"version":"8.13.0","resolution":"F:\\Web Projects\\React Apps\\amazon-clone\\functions\\node_modules\\firebase-admin\\lib\\index.js"} {"metadata":{"emulator":{"name":"functions"},"message":"[runtime-status] [9276] Resolved module firebase-admin {\"declared\":true,\"installed\":true,\"version\":\"8.13.0\",\"resolution\":\"F:\\\\Web Projects\\\\React Apps\\\\amazon-clone\\\\functions\\\\node_modules\\\\firebase-admin\\\\lib\\\\index.js\"}"}}
[debug] [2020-09-11T13:56:29.623Z] [runtime-status] [9276] Resolved module firebase-functions {"declared":true,"installed":true,"version":"3.11.0","resolution":"F:\\Web Projects\\React Apps\\amazon-clone\\functions\\node_modules\\firebase-functions\\lib\\index.js"} {"metadata":{"emulator":{"name":"functions"},"message":"[runtime-status] [9276] Resolved module firebase-functions {\"declared\":true,\"installed\":true,\"version\":\"3.11.0\",\"resolution\":\"F:\\\\Web Projects\\\\React Apps\\\\amazon-clone\\\\functions\\\\node_modules\\\\firebase-functions\\\\lib\\\\index.js\"}"}}
[debug] [2020-09-11T13:56:29.624Z] [runtime-status] [9276] Resolved module firebase-functions {"declared":true,"installed":true,"version":"3.11.0","resolution":"F:\\Web Projects\\React Apps\\amazon-clone\\functions\\node_modules\\firebase-functions\\lib\\index.js"} {"metadata":{"emulator":{"name":"functions"},"message":"[runtime-status] [9276] Resolved module firebase-functions {\"declared\":true,\"installed\":true,\"version\":\"3.11.0\",\"resolution\":\"F:\\\\Web Projects\\\\React Apps\\\\amazon-clone\\\\functions\\\\node_modules\\\\firebase-functions\\\\lib\\\\index.js\"}"}}
[debug] [2020-09-11T13:56:29.625Z] [runtime-status] [9276] Outgoing network have been stubbed. [{"name":"http","status":"mocked"},{"name":"http","status":"mocked"},{"name":"https","status":"mocked"},{"name":"https","status":"mocked"},{"name":"net","status":"mocked"}] {"metadata":{"emulator":{"name":"functions"},"message":"[runtime-status] [9276] Outgoing network have been stubbed. [{\"name\":\"http\",\"status\":\"mocked\"},{\"name\":\"http\",\"status\":\"mocked\"},{\"name\":\"https\",\"status\":\"mocked\"},{\"name\":\"https\",\"status\":\"mocked\"},{\"name\":\"net\",\"status\":\"mocked\"}]"}}
[debug] [2020-09-11T13:56:29.626Z] [runtime-status] [9276] Resolved module firebase-functions {"declared":true,"installed":true,"version":"3.11.0","resolution":"F:\\Web Projects\\React Apps\\amazon-clone\\functions\\node_modules\\firebase-functions\\lib\\index.js"} {"metadata":{"emulator":{"name":"functions"},"message":"[runtime-status] [9276] Resolved module firebase-functions {\"declared\":true,\"installed\":true,\"version\":\"3.11.0\",\"resolution\":\"F:\\\\Web Projects\\\\React Apps\\\\amazon-clone\\\\functions\\\\node_modules\\\\firebase-functions\\\\lib\\\\index.js\"}"}}
[debug] [2020-09-11T13:56:29.663Z] [runtime-status] [9276] Checked functions.config() {"config":{}} {"metadata":{"emulator":{"name":"functions"},"message":"[runtime-status] [9276] Checked functions.config() {\"config\":{}}"}}
[debug] [2020-09-11T13:56:29.664Z] [runtime-status] [9276] firebase-functions has been stubbed. {"functionsResolution":{"declared":true,"installed":true,"version":"3.11.0","resolution":"F:\\Web Projects\\React Apps\\amazon-clone\\functions\\node_modules\\firebase-functions\\lib\\index.js"}} {"metadata":{"emulator":{"name":"functions"},"message":"[runtime-status] [9276] firebase-functions has been stubbed. {\"functionsResolution\":{\"declared\":true,\"installed\":true,\"version\":\"3.11.0\",\"resolution\":\"F:\\\\Web Projects\\\\React Apps\\\\amazon-clone\\\\functions\\\\node_modules\\\\firebase-functions\\\\lib\\\\index.js\"}}"}}
[debug] [2020-09-11T13:56:29.664Z] [runtime-status] [9276] Resolved module firebase-functions {"declared":true,"installed":true,"version":"3.11.0","resolution":"F:\\Web Projects\\React Apps\\amazon-clone\\functions\\node_modules\\firebase-functions\\lib\\index.js"} {"metadata":{"emulator":{"name":"functions"},"message":"[runtime-status] [9276] Resolved module firebase-functions {\"declared\":true,\"installed\":true,\"version\":\"3.11.0\",\"resolution\":\"F:\\\\Web Projects\\\\React Apps\\\\amazon-clone\\\\functions\\\\node_modules\\\\firebase-functions\\\\lib\\\\index.js\"}"}}
[debug] [2020-09-11T13:56:29.665Z] [runtime-status] [9276] Resolved module firebase-admin {"declared":true,"installed":true,"version":"8.13.0","resolution":"F:\\Web Projects\\React Apps\\amazon-clone\\functions\\node_modules\\firebase-admin\\lib\\index.js"} {"metadata":{"emulator":{"name":"functions"},"message":"[runtime-status] [9276] Resolved module firebase-admin {\"declared\":true,\"installed\":true,\"version\":\"8.13.0\",\"resolution\":\"F:\\\\Web Projects\\\\React Apps\\\\amazon-clone\\\\functions\\\\node_modules\\\\firebase-admin\\\\lib\\\\index.js\"}"}}
[debug] [2020-09-11T13:56:29.666Z] [runtime-status] [9276] Resolved module firebase-functions {"declared":true,"installed":true,"version":"3.11.0","resolution":"F:\\Web Projects\\React Apps\\amazon-clone\\functions\\node_modules\\firebase-functions\\lib\\index.js"} {"metadata":{"emulator":{"name":"functions"},"message":"[runtime-status] [9276] Resolved module firebase-functions {\"declared\":true,\"installed\":true,\"version\":\"3.11.0\",\"resolution\":\"F:\\\\Web Projects\\\\React Apps\\\\amazon-clone\\\\functions\\\\node_modules\\\\firebase-functions\\\\lib\\\\index.js\"}"}}
[debug] [2020-09-11T13:56:29.666Z] [runtime-status] [9276] firebase-admin has been stubbed. {"adminResolution":{"declared":true,"installed":true,"version":"8.13.0","resolution":"F:\\Web Projects\\React Apps\\amazon-clone\\functions\\node_modules\\firebase-admin\\lib\\index.js"}} {"metadata":{"emulator":{"name":"functions"},"message":"[runtime-status] [9276] firebase-admin has been stubbed. {\"adminResolution\":{\"declared\":true,\"installed\":true,\"version\":\"8.13.0\",\"resolution\":\"F:\\\\Web Projects\\\\React Apps\\\\amazon-clone\\\\functions\\\\node_modules\\\\firebase-admin\\\\lib\\\\index.js\"}}"}}
[info] +  functions[api]: http function initialized (http://localhost:5001/clone-1a11b/us-central1/api). {"metadata":{"emulator":{"name":"functions"},"message":"\u001b[1mhttp\u001b[22m function initialized (http://localhost:5001/clone-1a11b/us-central1/api)."}}
[info] 
┌───────────────────────────────────────────────────────────────────────┐
│ ✔  All emulators ready! View status and logs at http://localhost:4001 │
└───────────────────────────────────────────────────────────────────────┘

┌───────────┬────────────────┬─────────────────────────────────┐
│ Emulator  │ Host:Port      │ View in Emulator UI             │
├───────────┼────────────────┼─────────────────────────────────┤
│ Functions │ localhost:5001 │ http://localhost:4001/functions │
├───────────┼────────────────┼─────────────────────────────────┤
│ Hosting   │ localhost:5000 │ n/a                             │
└───────────┴────────────────┴─────────────────────────────────┘
  Other reserved ports: 4400, 4500

Issues? Report them at https://github.com/firebase/firebase-tools/issues and attach the *-debug.log files.
 
[debug] [2020-09-11T13:56:29.885Z] [worker-~diagnostic~-cbb17c4b-aace-4228-9822-71123f7920d6]: IDLE {"metadata":{"emulator":{"name":"functions"},"message":"[worker-~diagnostic~-cbb17c4b-aace-4228-9822-71123f7920d6]: IDLE"}}
[debug] [2020-09-11T13:57:32.363Z] [work-queue] {"queueLength":1,"workRunningCount":0}
[debug] [2020-09-11T13:57:32.363Z] [work-queue] {"queueLength":0,"workRunningCount":1}
[debug] [2020-09-11T13:57:32.363Z] Accepted request GET /clone-1a11b/us-central1/api --> api
[debug] [2020-09-11T13:57:32.370Z] [worker-pool] addWorker(api) {"metadata":{"emulator":{"name":"functions"},"message":"[worker-pool] addWorker(api)"}}
[debug] [2020-09-11T13:57:32.370Z] [worker-pool] Adding worker with key api, total=1 {"metadata":{"emulator":{"name":"functions"},"message":"[worker-pool] Adding worker with key api, total=1"}}
[debug] [2020-09-11T13:57:32.370Z] [worker-pool] submitWork(triggerId=api) {"metadata":{"emulator":{"name":"functions"},"message":"[worker-pool] submitWork(triggerId=api)"}}
[debug] [2020-09-11T13:57:32.370Z] [worker-api-e07d07f9-1127-4e46-b2f7-52556183eaaf]: Assigning socketPath: \\?\pipe\F:\Web Projects\React Apps\amazon-clone\functions\10276 {"metadata":{"emulator":{"name":"functions"},"message":"[worker-api-e07d07f9-1127-4e46-b2f7-52556183eaaf]: Assigning socketPath: \\\\?\\pipe\\F:\\Web Projects\\React Apps\\amazon-clone\\functions\\10276"}}
[debug] [2020-09-11T13:57:32.370Z] [worker-api-e07d07f9-1127-4e46-b2f7-52556183eaaf]: BUSY {"metadata":{"emulator":{"name":"functions"},"message":"[worker-api-e07d07f9-1127-4e46-b2f7-52556183eaaf]: BUSY"}}
[debug] [2020-09-11T13:57:32.843Z] [runtime-status] [10276] Functions runtime initialized. {"cwd":"F:\\Web Projects\\React Apps\\amazon-clone\\functions","node_version":"12.18.3"} {"metadata":{"emulator":{"name":"functions"},"function":{"name":"api"},"message":"[runtime-status] [10276] Functions runtime initialized. {\"cwd\":\"F:\\\\Web Projects\\\\React Apps\\\\amazon-clone\\\\functions\",\"node_version\":\"12.18.3\"}"}}
[debug] [2020-09-11T13:57:32.845Z] [runtime-status] [10276] Disabled runtime features: undefined {"metadata":{"emulator":{"name":"functions"},"function":{"name":"api"},"message":"[runtime-status] [10276] Disabled runtime features: undefined"}}
[debug] [2020-09-11T13:57:32.851Z] [runtime-status] [10276] Resolved module firebase-admin {"declared":true,"installed":true,"version":"8.13.0","resolution":"F:\\Web Projects\\React Apps\\amazon-clone\\functions\\node_modules\\firebase-admin\\lib\\index.js"} {"metadata":{"emulator":{"name":"functions"},"function":{"name":"api"},"message":"[runtime-status] [10276] Resolved module firebase-admin {\"declared\":true,\"installed\":true,\"version\":\"8.13.0\",\"resolution\":\"F:\\\\Web Projects\\\\React Apps\\\\amazon-clone\\\\functions\\\\node_modules\\\\firebase-admin\\\\lib\\\\index.js\"}"}}
[debug] [2020-09-11T13:57:32.853Z] [runtime-status] [10276] Resolved module firebase-functions {"declared":true,"installed":true,"version":"3.11.0","resolution":"F:\\Web Projects\\React Apps\\amazon-clone\\functions\\node_modules\\firebase-functions\\lib\\index.js"} {"metadata":{"emulator":{"name":"functions"},"function":{"name":"api"},"message":"[runtime-status] [10276] Resolved module firebase-functions {\"declared\":true,\"installed\":true,\"version\":\"3.11.0\",\"resolution\":\"F:\\\\Web Projects\\\\React Apps\\\\amazon-clone\\\\functions\\\\node_modules\\\\firebase-functions\\\\lib\\\\index.js\"}"}}
[debug] [2020-09-11T13:57:32.853Z] [runtime-status] [10276] Resolved module firebase-functions {"declared":true,"installed":true,"version":"3.11.0","resolution":"F:\\Web Projects\\React Apps\\amazon-clone\\functions\\node_modules\\firebase-functions\\lib\\index.js"} {"metadata":{"emulator":{"name":"functions"},"function":{"name":"api"},"message":"[runtime-status] [10276] Resolved module firebase-functions {\"declared\":true,\"installed\":true,\"version\":\"3.11.0\",\"resolution\":\"F:\\\\Web Projects\\\\React Apps\\\\amazon-clone\\\\functions\\\\node_modules\\\\firebase-functions\\\\lib\\\\index.js\"}"}}
[debug] [2020-09-11T13:57:32.855Z] [runtime-status] [10276] Outgoing network have been stubbed. [{"name":"http","status":"mocked"},{"name":"http","status":"mocked"},{"name":"https","status":"mocked"},{"name":"https","status":"mocked"},{"name":"net","status":"mocked"}] {"metadata":{"emulator":{"name":"functions"},"function":{"name":"api"},"message":"[runtime-status] [10276] Outgoing network have been stubbed. [{\"name\":\"http\",\"status\":\"mocked\"},{\"name\":\"http\",\"status\":\"mocked\"},{\"name\":\"https\",\"status\":\"mocked\"},{\"name\":\"https\",\"status\":\"mocked\"},{\"name\":\"net\",\"status\":\"mocked\"}]"}}
[debug] [2020-09-11T13:57:32.856Z] [runtime-status] [10276] Resolved module firebase-functions {"declared":true,"installed":true,"version":"3.11.0","resolution":"F:\\Web Projects\\React Apps\\amazon-clone\\functions\\node_modules\\firebase-functions\\lib\\index.js"} {"metadata":{"emulator":{"name":"functions"},"function":{"name":"api"},"message":"[runtime-status] [10276] Resolved module firebase-functions {\"declared\":true,\"installed\":true,\"version\":\"3.11.0\",\"resolution\":\"F:\\\\Web Projects\\\\React Apps\\\\amazon-clone\\\\functions\\\\node_modules\\\\firebase-functions\\\\lib\\\\index.js\"}"}}
[debug] [2020-09-11T13:57:32.896Z] [runtime-status] [10276] Checked functions.config() {"config":{}} {"metadata":{"emulator":{"name":"functions"},"function":{"name":"api"},"message":"[runtime-status] [10276] Checked functions.config() {\"config\":{}}"}}
[debug] [2020-09-11T13:57:32.896Z] [runtime-status] [10276] firebase-functions has been stubbed. {"functionsResolution":{"declared":true,"installed":true,"version":"3.11.0","resolution":"F:\\Web Projects\\React Apps\\amazon-clone\\functions\\node_modules\\firebase-functions\\lib\\index.js"}} {"metadata":{"emulator":{"name":"functions"},"function":{"name":"api"},"message":"[runtime-status] [10276] firebase-functions has been stubbed. {\"functionsResolution\":{\"declared\":true,\"installed\":true,\"version\":\"3.11.0\",\"resolution\":\"F:\\\\Web Projects\\\\React Apps\\\\amazon-clone\\\\functions\\\\node_modules\\\\firebase-functions\\\\lib\\\\index.js\"}}"}}
[debug] [2020-09-11T13:57:32.897Z] [runtime-status] [10276] Resolved module firebase-functions {"declared":true,"installed":true,"version":"3.11.0","resolution":"F:\\Web Projects\\React Apps\\amazon-clone\\functions\\node_modules\\firebase-functions\\lib\\index.js"} {"metadata":{"emulator":{"name":"functions"},"function":{"name":"api"},"message":"[runtime-status] [10276] Resolved module firebase-functions {\"declared\":true,\"installed\":true,\"version\":\"3.11.0\",\"resolution\":\"F:\\\\Web Projects\\\\React Apps\\\\amazon-clone\\\\functions\\\\node_modules\\\\firebase-functions\\\\lib\\\\index.js\"}"}}
[debug] [2020-09-11T13:57:32.898Z] [runtime-status] [10276] Resolved module firebase-admin {"declared":true,"installed":true,"version":"8.13.0","resolution":"F:\\Web Projects\\React Apps\\amazon-clone\\functions\\node_modules\\firebase-admin\\lib\\index.js"} {"metadata":{"emulator":{"name":"functions"},"function":{"name":"api"},"message":"[runtime-status] [10276] Resolved module firebase-admin {\"declared\":true,\"installed\":true,\"version\":\"8.13.0\",\"resolution\":\"F:\\\\Web Projects\\\\React Apps\\\\amazon-clone\\\\functions\\\\node_modules\\\\firebase-admin\\\\lib\\\\index.js\"}"}}
[debug] [2020-09-11T13:57:32.899Z] [runtime-status] [10276] Resolved module firebase-functions {"declared":true,"installed":true,"version":"3.11.0","resolution":"F:\\Web Projects\\React Apps\\amazon-clone\\functions\\node_modules\\firebase-functions\\lib\\index.js"} {"metadata":{"emulator":{"name":"functions"},"function":{"name":"api"},"message":"[runtime-status] [10276] Resolved module firebase-functions {\"declared\":true,\"installed\":true,\"version\":\"3.11.0\",\"resolution\":\"F:\\\\Web Projects\\\\React Apps\\\\amazon-clone\\\\functions\\\\node_modules\\\\firebase-functions\\\\lib\\\\index.js\"}"}}
[debug] [2020-09-11T13:57:32.899Z] [runtime-status] [10276] firebase-admin has been stubbed. {"adminResolution":{"declared":true,"installed":true,"version":"8.13.0","resolution":"F:\\Web Projects\\React Apps\\amazon-clone\\functions\\node_modules\\firebase-admin\\lib\\index.js"}} {"metadata":{"emulator":{"name":"functions"},"function":{"name":"api"},"message":"[runtime-status] [10276] firebase-admin has been stubbed. {\"adminResolution\":{\"declared\":true,\"installed\":true,\"version\":\"8.13.0\",\"resolution\":\"F:\\\\Web Projects\\\\React Apps\\\\amazon-clone\\\\functions\\\\node_modules\\\\firebase-admin\\\\lib\\\\index.js\"}}"}}
[debug] [2020-09-11T13:57:33.065Z] [runtime-status] [10276] Trigger "api" has been found, beginning invocation! {"metadata":{"emulator":{"name":"functions"},"function":{"name":"api"},"message":"[runtime-status] [10276] Trigger \"api\" has been found, beginning invocation!"}}
[info] i  functions: Beginning execution of "api" {"metadata":{"emulator":{"name":"functions"},"function":{"name":"api"},"message":"Beginning execution of \"api\""}}
[debug] [2020-09-11T13:57:33.066Z] [runtime-status] [10276] triggerDefinition {"httpsTrigger":{},"name":"api","entryPoint":"api"} {"metadata":{"emulator":{"name":"functions"},"function":{"name":"api"},"message":"[runtime-status] [10276] triggerDefinition {\"httpsTrigger\":{},\"name\":\"api\",\"entryPoint\":\"api\"}"}}
[debug] [2020-09-11T13:57:33.066Z] [runtime-status] [10276] Running api in mode HTTPS {"metadata":{"emulator":{"name":"functions"},"function":{"name":"api"},"message":"[runtime-status] [10276] Running api in mode HTTPS"}}
[debug] [2020-09-11T13:57:33.070Z] [runtime-status] [10276] Attempting to listen to socketPath: \\?\pipe\F:\Web Projects\React Apps\amazon-clone\functions\10276 {"metadata":{"emulator":{"name":"functions"},"function":{"name":"api"},"message":"[runtime-status] [10276] Attempting to listen to socketPath: \\\\?\\pipe\\F:\\Web Projects\\React Apps\\amazon-clone\\functions\\10276"}}
[debug] [2020-09-11T13:57:33.072Z] [functions] Runtime ready! Sending request! {"metadata":{"emulator":{"name":"functions"},"message":"[functions] Runtime ready! Sending request!"}}
[debug] [2020-09-11T13:57:33.079Z] [runtime-status] [10276] Ephemeral server handling GET request {"metadata":{"emulator":{"name":"functions"},"function":{"name":"api"},"message":"[runtime-status] [10276] Ephemeral server handling GET request"}}
[debug] [2020-09-11T13:57:33.085Z] [runtime-status] [10276] Ephemeral server survived. {"metadata":{"emulator":{"name":"functions"},"function":{"name":"api"},"message":"[runtime-status] [10276] Ephemeral server survived."}}
[debug] [2020-09-11T13:57:33.085Z] [work-queue] {"queueLength":1,"workRunningCount":1}
[debug] [2020-09-11T13:57:33.086Z] [work-queue] {"queueLength":0,"workRunningCount":2}
[debug] [2020-09-11T13:57:33.086Z] Accepted request GET /clone-1a11b/us-central1/api --> api
[debug] [2020-09-11T13:57:33.094Z] [worker-pool] addWorker(api) {"metadata":{"emulator":{"name":"functions"},"message":"[worker-pool] addWorker(api)"}}
[debug] [2020-09-11T13:57:33.094Z] [worker-pool] Adding worker with key api, total=2 {"metadata":{"emulator":{"name":"functions"},"message":"[worker-pool] Adding worker with key api, total=2"}}
[debug] [2020-09-11T13:57:33.094Z] [worker-pool] submitWork(triggerId=api) {"metadata":{"emulator":{"name":"functions"},"message":"[worker-pool] submitWork(triggerId=api)"}}
[debug] [2020-09-11T13:57:33.095Z] [worker-api-75d80483-4b29-4cb7-8894-05f446d7f794]: Assigning socketPath: \\?\pipe\F:\Web Projects\React Apps\amazon-clone\functions\4828 {"metadata":{"emulator":{"name":"functions"},"message":"[worker-api-75d80483-4b29-4cb7-8894-05f446d7f794]: Assigning socketPath: \\\\?\\pipe\\F:\\Web Projects\\React Apps\\amazon-clone\\functions\\4828"}}
[debug] [2020-09-11T13:57:33.095Z] [worker-api-75d80483-4b29-4cb7-8894-05f446d7f794]: BUSY {"metadata":{"emulator":{"name":"functions"},"message":"[worker-api-75d80483-4b29-4cb7-8894-05f446d7f794]: BUSY"}}
[info] i  functions: Finished "api" in ~1s {"metadata":{"emulator":{"name":"functions"},"function":{"name":"api"},"message":"Finished \"api\" in ~1s"}}
[debug] [2020-09-11T13:57:33.096Z] [worker-api-e07d07f9-1127-4e46-b2f7-52556183eaaf]: IDLE {"metadata":{"emulator":{"name":"functions"},"message":"[worker-api-e07d07f9-1127-4e46-b2f7-52556183eaaf]: IDLE"}}
[debug] [2020-09-11T13:57:33.096Z] [work-queue] {"queueLength":0,"workRunningCount":1}
[debug] [2020-09-11T13:57:33.603Z] [runtime-status] [4828] Functions runtime initialized. {"cwd":"F:\\Web Projects\\React Apps\\amazon-clone\\functions","node_version":"12.18.3"} {"metadata":{"emulator":{"name":"functions"},"function":{"name":"api"},"message":"[runtime-status] [4828] Functions runtime initialized. {\"cwd\":\"F:\\\\Web Projects\\\\React Apps\\\\amazon-clone\\\\functions\",\"node_version\":\"12.18.3\"}"}}
[debug] [2020-09-11T13:57:33.605Z] [runtime-status] [4828] Disabled runtime features: undefined {"metadata":{"emulator":{"name":"functions"},"function":{"name":"api"},"message":"[runtime-status] [4828] Disabled runtime features: undefined"}}
[debug] [2020-09-11T13:57:33.610Z] [runtime-status] [4828] Resolved module firebase-admin {"declared":true,"installed":true,"version":"8.13.0","resolution":"F:\\Web Projects\\React Apps\\amazon-clone\\functions\\node_modules\\firebase-admin\\lib\\index.js"} {"metadata":{"emulator":{"name":"functions"},"function":{"name":"api"},"message":"[runtime-status] [4828] Resolved module firebase-admin {\"declared\":true,\"installed\":true,\"version\":\"8.13.0\",\"resolution\":\"F:\\\\Web Projects\\\\React Apps\\\\amazon-clone\\\\functions\\\\node_modules\\\\firebase-admin\\\\lib\\\\index.js\"}"}}
[debug] [2020-09-11T13:57:33.613Z] [runtime-status] [4828] Resolved module firebase-functions {"declared":true,"installed":true,"version":"3.11.0","resolution":"F:\\Web Projects\\React Apps\\amazon-clone\\functions\\node_modules\\firebase-functions\\lib\\index.js"} {"metadata":{"emulator":{"name":"functions"},"function":{"name":"api"},"message":"[runtime-status] [4828] Resolved module firebase-functions {\"declared\":true,\"installed\":true,\"version\":\"3.11.0\",\"resolution\":\"F:\\\\Web Projects\\\\React Apps\\\\amazon-clone\\\\functions\\\\node_modules\\\\firebase-functions\\\\lib\\\\index.js\"}"}}
[debug] [2020-09-11T13:57:33.614Z] [runtime-status] [4828] Resolved module firebase-functions {"declared":true,"installed":true,"version":"3.11.0","resolution":"F:\\Web Projects\\React Apps\\amazon-clone\\functions\\node_modules\\firebase-functions\\lib\\index.js"} {"metadata":{"emulator":{"name":"functions"},"function":{"name":"api"},"message":"[runtime-status] [4828] Resolved module firebase-functions {\"declared\":true,\"installed\":true,\"version\":\"3.11.0\",\"resolution\":\"F:\\\\Web Projects\\\\React Apps\\\\amazon-clone\\\\functions\\\\node_modules\\\\firebase-functions\\\\lib\\\\index.js\"}"}}
[debug] [2020-09-11T13:57:33.616Z] [runtime-status] [4828] Outgoing network have been stubbed. [{"name":"http","status":"mocked"},{"name":"http","status":"mocked"},{"name":"https","status":"mocked"},{"name":"https","status":"mocked"},{"name":"net","status":"mocked"}] {"metadata":{"emulator":{"name":"functions"},"function":{"name":"api"},"message":"[runtime-status] [4828] Outgoing network have been stubbed. [{\"name\":\"http\",\"status\":\"mocked\"},{\"name\":\"http\",\"status\":\"mocked\"},{\"name\":\"https\",\"status\":\"mocked\"},{\"name\":\"https\",\"status\":\"mocked\"},{\"name\":\"net\",\"status\":\"mocked\"}]"}}
[debug] [2020-09-11T13:57:33.616Z] [runtime-status] [4828] Resolved module firebase-functions {"declared":true,"installed":true,"version":"3.11.0","resolution":"F:\\Web Projects\\React Apps\\amazon-clone\\functions\\node_modules\\firebase-functions\\lib\\index.js"} {"metadata":{"emulator":{"name":"functions"},"function":{"name":"api"},"message":"[runtime-status] [4828] Resolved module firebase-functions {\"declared\":true,\"installed\":true,\"version\":\"3.11.0\",\"resolution\":\"F:\\\\Web Projects\\\\React Apps\\\\amazon-clone\\\\functions\\\\node_modules\\\\firebase-functions\\\\lib\\\\index.js\"}"}}
[debug] [2020-09-11T13:57:33.661Z] [runtime-status] [4828] Checked functions.config() {"config":{}} {"metadata":{"emulator":{"name":"functions"},"function":{"name":"api"},"message":"[runtime-status] [4828] Checked functions.config() {\"config\":{}}"}}
[debug] [2020-09-11T13:57:33.661Z] [runtime-status] [4828] firebase-functions has been stubbed. {"functionsResolution":{"declared":true,"installed":true,"version":"3.11.0","resolution":"F:\\Web Projects\\React Apps\\amazon-clone\\functions\\node_modules\\firebase-functions\\lib\\index.js"}} {"metadata":{"emulator":{"name":"functions"},"function":{"name":"api"},"message":"[runtime-status] [4828] firebase-functions has been stubbed. {\"functionsResolution\":{\"declared\":true,\"installed\":true,\"version\":\"3.11.0\",\"resolution\":\"F:\\\\Web Projects\\\\React Apps\\\\amazon-clone\\\\functions\\\\node_modules\\\\firebase-functions\\\\lib\\\\index.js\"}}"}}
[debug] [2020-09-11T13:57:33.662Z] [runtime-status] [4828] Resolved module firebase-functions {"declared":true,"installed":true,"version":"3.11.0","resolution":"F:\\Web Projects\\React Apps\\amazon-clone\\functions\\node_modules\\firebase-functions\\lib\\index.js"} {"metadata":{"emulator":{"name":"functions"},"function":{"name":"api"},"message":"[runtime-status] [4828] Resolved module firebase-functions {\"declared\":true,\"installed\":true,\"version\":\"3.11.0\",\"resolution\":\"F:\\\\Web Projects\\\\React Apps\\\\amazon-clone\\\\functions\\\\node_modules\\\\firebase-functions\\\\lib\\\\index.js\"}"}}
[debug] [2020-09-11T13:57:33.663Z] [runtime-status] [4828] Resolved module firebase-admin {"declared":true,"installed":true,"version":"8.13.0","resolution":"F:\\Web Projects\\React Apps\\amazon-clone\\functions\\node_modules\\firebase-admin\\lib\\index.js"} {"metadata":{"emulator":{"name":"functions"},"function":{"name":"api"},"message":"[runtime-status] [4828] Resolved module firebase-admin {\"declared\":true,\"installed\":true,\"version\":\"8.13.0\",\"resolution\":\"F:\\\\Web Projects\\\\React Apps\\\\amazon-clone\\\\functions\\\\node_modules\\\\firebase-admin\\\\lib\\\\index.js\"}"}}
[debug] [2020-09-11T13:57:33.663Z] [runtime-status] [4828] Resolved module firebase-functions {"declared":true,"installed":true,"version":"3.11.0","resolution":"F:\\Web Projects\\React Apps\\amazon-clone\\functions\\node_modules\\firebase-functions\\lib\\index.js"} {"metadata":{"emulator":{"name":"functions"},"function":{"name":"api"},"message":"[runtime-status] [4828] Resolved module firebase-functions {\"declared\":true,\"installed\":true,\"version\":\"3.11.0\",\"resolution\":\"F:\\\\Web Projects\\\\React Apps\\\\amazon-clone\\\\functions\\\\node_modules\\\\firebase-functions\\\\lib\\\\index.js\"}"}}
[debug] [2020-09-11T13:57:33.664Z] [runtime-status] [4828] firebase-admin has been stubbed. {"adminResolution":{"declared":true,"installed":true,"version":"8.13.0","resolution":"F:\\Web Projects\\React Apps\\amazon-clone\\functions\\node_modules\\firebase-admin\\lib\\index.js"}} {"metadata":{"emulator":{"name":"functions"},"function":{"name":"api"},"message":"[runtime-status] [4828] firebase-admin has been stubbed. {\"adminResolution\":{\"declared\":true,\"installed\":true,\"version\":\"8.13.0\",\"resolution\":\"F:\\\\Web Projects\\\\React Apps\\\\amazon-clone\\\\functions\\\\node_modules\\\\firebase-admin\\\\lib\\\\index.js\"}}"}}
[debug] [2020-09-11T13:57:33.874Z] [runtime-status] [4828] Trigger "api" has been found, beginning invocation! {"metadata":{"emulator":{"name":"functions"},"function":{"name":"api"},"message":"[runtime-status] [4828] Trigger \"api\" has been found, beginning invocation!"}}
[info] i  functions: Beginning execution of "api" {"metadata":{"emulator":{"name":"functions"},"function":{"name":"api"},"message":"Beginning execution of \"api\""}}
[debug] [2020-09-11T13:57:33.875Z] [runtime-status] [4828] triggerDefinition {"httpsTrigger":{},"name":"api","entryPoint":"api"} {"metadata":{"emulator":{"name":"functions"},"function":{"name":"api"},"message":"[runtime-status] [4828] triggerDefinition {\"httpsTrigger\":{},\"name\":\"api\",\"entryPoint\":\"api\"}"}}
[debug] [2020-09-11T13:57:33.875Z] [runtime-status] [4828] Running api in mode HTTPS {"metadata":{"emulator":{"name":"functions"},"function":{"name":"api"},"message":"[runtime-status] [4828] Running api in mode HTTPS"}}
[debug] [2020-09-11T13:57:33.880Z] [runtime-status] [4828] Attempting to listen to socketPath: \\?\pipe\F:\Web Projects\React Apps\amazon-clone\functions\4828 {"metadata":{"emulator":{"name":"functions"},"function":{"name":"api"},"message":"[runtime-status] [4828] Attempting to listen to socketPath: \\\\?\\pipe\\F:\\Web Projects\\React Apps\\amazon-clone\\functions\\4828"}}
[debug] [2020-09-11T13:57:33.882Z] [functions] Runtime ready! Sending request! {"metadata":{"emulator":{"name":"functions"},"message":"[functions] Runtime ready! Sending request!"}}
[debug] [2020-09-11T13:57:33.887Z] [runtime-status] [4828] Ephemeral server handling GET request {"metadata":{"emulator":{"name":"functions"},"function":{"name":"api"},"message":"[runtime-status] [4828] Ephemeral server handling GET request"}}
[debug] [2020-09-11T13:57:33.893Z] [runtime-status] [4828] Ephemeral server survived. {"metadata":{"emulator":{"name":"functions"},"function":{"name":"api"},"message":"[runtime-status] [4828] Ephemeral server survived."}}
[debug] [2020-09-11T13:57:33.894Z] [work-queue] {"queueLength":1,"workRunningCount":1}
[debug] [2020-09-11T13:57:33.894Z] [work-queue] {"queueLength":0,"workRunningCount":2}
[debug] [2020-09-11T13:57:33.895Z] Accepted request GET /clone-1a11b/us-central1/api --> api
[debug] [2020-09-11T13:57:33.895Z] [worker-pool] submitWork(triggerId=api) {"metadata":{"emulator":{"name":"functions"},"message":"[worker-pool] submitWork(triggerId=api)"}}
[debug] [2020-09-11T13:57:33.895Z] [worker-api-e07d07f9-1127-4e46-b2f7-52556183eaaf]: Assigning socketPath: \\?\pipe\F:\Web Projects\React Apps\amazon-clone\functions\10276 {"metadata":{"emulator":{"name":"functions"},"message":"[worker-api-e07d07f9-1127-4e46-b2f7-52556183eaaf]: Assigning socketPath: \\\\?\\pipe\\F:\\Web Projects\\React Apps\\amazon-clone\\functions\\10276"}}
[debug] [2020-09-11T13:57:33.895Z] [worker-api-e07d07f9-1127-4e46-b2f7-52556183eaaf]: BUSY {"metadata":{"emulator":{"name":"functions"},"message":"[worker-api-e07d07f9-1127-4e46-b2f7-52556183eaaf]: BUSY"}}
[debug] [2020-09-11T13:57:33.896Z] [runtime-status] [10276] Trigger "api" has been found, beginning invocation! {"metadata":{"emulator":{"name":"functions"},"function":{"name":"api"},"message":"[runtime-status] [10276] Trigger \"api\" has been found, beginning invocation!"}}
[info] i  functions: Finished "api" in ~1s {"metadata":{"emulator":{"name":"functions"},"function":{"name":"api"},"message":"Finished \"api\" in ~1s"}}
[debug] [2020-09-11T13:57:33.899Z] [worker-api-75d80483-4b29-4cb7-8894-05f446d7f794]: IDLE {"metadata":{"emulator":{"name":"functions"},"message":"[worker-api-75d80483-4b29-4cb7-8894-05f446d7f794]: IDLE"}}
[debug] [2020-09-11T13:57:33.899Z] [work-queue] {"queueLength":0,"workRunningCount":1}
[info] i  functions: Beginning execution of "api" {"metadata":{"emulator":{"name":"functions"},"function":{"name":"api"},"message":"Beginning execution of \"api\""}}
[debug] [2020-09-11T13:57:33.900Z] [runtime-status] [10276] triggerDefinition {"httpsTrigger":{},"name":"api","entryPoint":"api"} {"metadata":{"emulator":{"name":"functions"},"function":{"name":"api"},"message":"[runtime-status] [10276] triggerDefinition {\"httpsTrigger\":{},\"name\":\"api\",\"entryPoint\":\"api\"}"}}
[debug] [2020-09-11T13:57:33.900Z] [runtime-status] [10276] Running api in mode HTTPS {"metadata":{"emulator":{"name":"functions"},"function":{"name":"api"},"message":"[runtime-status] [10276] Running api in mode HTTPS"}}
[debug] [2020-09-11T13:57:33.900Z] [runtime-status] [10276] Attempting to listen to socketPath: \\?\pipe\F:\Web Projects\React Apps\amazon-clone\functions\10276 {"metadata":{"emulator":{"name":"functions"},"function":{"name":"api"},"message":"[runtime-status] [10276] Attempting to listen to socketPath: \\\\?\\pipe\\F:\\Web Projects\\React Apps\\amazon-clone\\functions\\10276"}}
[debug] [2020-09-11T13:57:33.901Z] [functions] Runtime ready! Sending request! {"metadata":{"emulator":{"name":"functions"},"message":"[functions] Runtime ready! Sending request!"}}
[debug] [2020-09-11T13:57:33.904Z] [runtime-status] [10276] Ephemeral server handling GET request {"metadata":{"emulator":{"name":"functions"},"function":{"name":"api"},"message":"[runtime-status] [10276] Ephemeral server handling GET request"}}
[debug] [2020-09-11T13:57:33.906Z] [runtime-status] [10276] Ephemeral server survived. {"metadata":{"emulator":{"name":"functions"},"function":{"name":"api"},"message":"[runtime-status] [10276] Ephemeral server survived."}}
[info] i  functions: Finished "api" in ~1s {"metadata":{"emulator":{"name":"functions"},"function":{"name":"api"},"message":"Finished \"api\" in ~1s"}}
[debug] [2020-09-11T13:57:33.907Z] [worker-api-e07d07f9-1127-4e46-b2f7-52556183eaaf]: IDLE {"metadata":{"emulator":{"name":"functions"},"message":"[worker-api-e07d07f9-1127-4e46-b2f7-52556183eaaf]: IDLE"}}
[debug] [2020-09-11T13:57:33.907Z] [work-queue] {"queueLength":0,"workRunningCount":0}
[debug] [2020-09-11T13:57:33.908Z] [work-queue] {"queueLength":1,"workRunningCount":0}
[debug] [2020-09-11T13:57:33.909Z] [work-queue] {"queueLength":0,"workRunningCount":1}
[debug] [2020-09-11T13:57:33.909Z] Accepted request GET /clone-1a11b/us-central1/api --> api
[debug] [2020-09-11T13:57:33.909Z] [worker-pool] submitWork(triggerId=api) {"metadata":{"emulator":{"name":"functions"},"message":"[worker-pool] submitWork(triggerId=api)"}}
[debug] [2020-09-11T13:57:33.910Z] [worker-api-e07d07f9-1127-4e46-b2f7-52556183eaaf]: Assigning socketPath: \\?\pipe\F:\Web Projects\React Apps\amazon-clone\functions\10276 {"metadata":{"emulator":{"name":"functions"},"message":"[worker-api-e07d07f9-1127-4e46-b2f7-52556183eaaf]: Assigning socketPath: \\\\?\\pipe\\F:\\Web Projects\\React Apps\\amazon-clone\\functions\\10276"}}
[debug] [2020-09-11T13:57:33.910Z] [worker-api-e07d07f9-1127-4e46-b2f7-52556183eaaf]: BUSY {"metadata":{"emulator":{"name":"functions"},"message":"[worker-api-e07d07f9-1127-4e46-b2f7-52556183eaaf]: BUSY"}}
[debug] [2020-09-11T13:57:33.919Z] [runtime-status] [10276] Trigger "api" has been found, beginning invocation! {"metadata":{"emulator":{"name":"functions"},"function":{"name":"api"},"message":"[runtime-status] [10276] Trigger \"api\" has been found, beginning invocation!"}}
[info] i  functions: Beginning execution of "api" {"metadata":{"emulator":{"name":"functions"},"function":{"name":"api"},"message":"Beginning execution of \"api\""}}
[debug] [2020-09-11T13:57:33.920Z] [runtime-status] [10276] triggerDefinition {"httpsTrigger":{},"name":"api","entryPoint":"api"} {"metadata":{"emulator":{"name":"functions"},"function":{"name":"api"},"message":"[runtime-status] [10276] triggerDefinition {\"httpsTrigger\":{},\"name\":\"api\",\"entryPoint\":\"api\"}"}}
[debug] [2020-09-11T13:57:33.920Z] [runtime-status] [10276] Running api in mode HTTPS {"metadata":{"emulator":{"name":"functions"},"function":{"name":"api"},"message":"[runtime-status] [10276] Running api in mode HTTPS"}}
[debug] [2020-09-11T13:57:33.921Z] [runtime-status] [10276] Attempting to listen to socketPath: \\?\pipe\F:\Web Projects\React Apps\amazon-clone\functions\10276 {"metadata":{"emulator":{"name":"functions"},"function":{"name":"api"},"message":"[runtime-status] [10276] Attempting to listen to socketPath: \\\\?\\pipe\\F:\\Web Projects\\React Apps\\amazon-clone\\functions\\10276"}}
[debug] [2020-09-11T13:57:33.923Z] [functions] Runtime ready! Sending request! {"metadata":{"emulator":{"name":"functions"},"message":"[functions] Runtime ready! Sending request!"}}
[debug] [2020-09-11T13:57:33.927Z] [runtime-status] [10276] Ephemeral server handling GET request {"metadata":{"emulator":{"name":"functions"},"function":{"name":"api"},"message":"[runtime-status] [10276] Ephemeral server handling GET request"}}
[debug] [2020-09-11T13:57:33.928Z] [runtime-status] [10276] Ephemeral server survived. {"metadata":{"emulator":{"name":"functions"},"function":{"name":"api"},"message":"[runtime-status] [10276] Ephemeral server survived."}}
[info] i  functions: Finished "api" in ~1s {"metadata":{"emulator":{"name":"functions"},"function":{"name":"api"},"message":"Finished \"api\" in ~1s"}}
[debug] [2020-09-11T13:57:33.936Z] [worker-api-e07d07f9-1127-4e46-b2f7-52556183eaaf]: IDLE {"metadata":{"emulator":{"name":"functions"},"message":"[worker-api-e07d07f9-1127-4e46-b2f7-52556183eaaf]: IDLE"}}
[debug] [2020-09-11T13:57:33.936Z] [work-queue] {"queueLength":0,"workRunningCount":0}
[debug] [2020-09-11T13:57:33.938Z] [work-queue] {"queueLength":1,"workRunningCount":0}
[debug] [2020-09-11T13:57:33.938Z] [work-queue] {"queueLength":0,"workRunningCount":1}
[debug] [2020-09-11T13:57:33.938Z] Accepted request GET /clone-1a11b/us-central1/api --> api
[debug] [2020-09-11T13:57:33.938Z] [worker-pool] submitWork(triggerId=api) {"metadata":{"emulator":{"name":"functions"},"message":"[worker-pool] submitWork(triggerId=api)"}}
[debug] [2020-09-11T13:57:33.939Z] [worker-api-e07d07f9-1127-4e46-b2f7-52556183eaaf]: Assigning socketPath: \\?\pipe\F:\Web Projects\React Apps\amazon-clone\functions\10276 {"metadata":{"emulator":{"name":"functions"},"message":"[worker-api-e07d07f9-1127-4e46-b2f7-52556183eaaf]: Assigning socketPath: \\\\?\\pipe\\F:\\Web Projects\\React Apps\\amazon-clone\\functions\\10276"}}
[debug] [2020-09-11T13:57:33.939Z] [worker-api-e07d07f9-1127-4e46-b2f7-52556183eaaf]: BUSY {"metadata":{"emulator":{"name":"functions"},"message":"[worker-api-e07d07f9-1127-4e46-b2f7-52556183eaaf]: BUSY"}}
[debug] [2020-09-11T13:57:33.940Z] [runtime-status] [10276] Trigger "api" has been found, beginning invocation! {"metadata":{"emulator":{"name":"functions"},"function":{"name":"api"},"message":"[runtime-status] [10276] Trigger \"api\" has been found, beginning invocation!"}}
[info] i  functions: Beginning execution of "api" {"metadata":{"emulator":{"name":"functions"},"function":{"name":"api"},"message":"Beginning execution of \"api\""}}
[debug] [2020-09-11T13:57:33.946Z] [runtime-status] [10276] triggerDefinition {"httpsTrigger":{},"name":"api","entryPoint":"api"} {"metadata":{"emulator":{"name":"functions"},"function":{"name":"api"},"message":"[runtime-status] [10276] triggerDefinition {\"httpsTrigger\":{},\"name\":\"api\",\"entryPoint\":\"api\"}"}}
[debug] [2020-09-11T13:57:33.946Z] [runtime-status] [10276] Running api in mode HTTPS {"metadata":{"emulator":{"name":"functions"},"function":{"name":"api"},"message":"[runtime-status] [10276] Running api in mode HTTPS"}}
[debug] [2020-09-11T13:57:33.947Z] [runtime-status] [10276] Attempting to listen to socketPath: \\?\pipe\F:\Web Projects\React Apps\amazon-clone\functions\10276 {"metadata":{"emulator":{"name":"functions"},"function":{"name":"api"},"message":"[runtime-status] [10276] Attempting to listen to socketPath: \\\\?\\pipe\\F:\\Web Projects\\React Apps\\amazon-clone\\functions\\10276"}}
[debug] [2020-09-11T13:57:33.948Z] [functions] Runtime ready! Sending request! {"metadata":{"emulator":{"name":"functions"},"message":"[functions] Runtime ready! Sending request!"}}
[debug] [2020-09-11T13:57:33.954Z] [runtime-status] [10276] Ephemeral server handling GET request {"metadata":{"emulator":{"name":"functions"},"function":{"name":"api"},"message":"[runtime-status] [10276] Ephemeral server handling GET request"}}
[debug] [2020-09-11T13:57:33.955Z] [runtime-status] [10276] Ephemeral server survived. {"metadata":{"emulator":{"name":"functions"},"function":{"name":"api"},"message":"[runtime-status] [10276] Ephemeral server survived."}}
[info] i  functions: Finished "api" in ~1s {"metadata":{"emulator":{"name":"functions"},"function":{"name":"api"},"message":"Finished \"api\" in ~1s"}}
[debug] [2020-09-11T13:57:33.957Z] [worker-api-e07d07f9-1127-4e46-b2f7-52556183eaaf]: IDLE {"metadata":{"emulator":{"name":"functions"},"message":"[worker-api-e07d07f9-1127-4e46-b2f7-52556183eaaf]: IDLE"}}
[debug] [2020-09-11T13:57:33.957Z] [work-queue] {"queueLength":0,"workRunningCount":0}
[debug] [2020-09-11T13:59:23.934Z] [work-queue] {"queueLength":1,"workRunningCount":0}
[debug] [2020-09-11T13:59:23.934Z] [work-queue] {"queueLength":0,"workRunningCount":1}
[debug] [2020-09-11T13:59:23.934Z] Accepted request GET /clone-1a11b/us-central1/api --> api
[debug] [2020-09-11T13:59:23.934Z] [worker-pool] submitWork(triggerId=api) {"metadata":{"emulator":{"name":"functions"},"message":"[worker-pool] submitWork(triggerId=api)"}}
[debug] [2020-09-11T13:59:23.934Z] [worker-api-e07d07f9-1127-4e46-b2f7-52556183eaaf]: Assigning socketPath: \\?\pipe\F:\Web Projects\React Apps\amazon-clone\functions\10276 {"metadata":{"emulator":{"name":"functions"},"message":"[worker-api-e07d07f9-1127-4e46-b2f7-52556183eaaf]: Assigning socketPath: \\\\?\\pipe\\F:\\Web Projects\\React Apps\\amazon-clone\\functions\\10276"}}
[debug] [2020-09-11T13:59:23.934Z] [worker-api-e07d07f9-1127-4e46-b2f7-52556183eaaf]: BUSY {"metadata":{"emulator":{"name":"functions"},"message":"[worker-api-e07d07f9-1127-4e46-b2f7-52556183eaaf]: BUSY"}}
[debug] [2020-09-11T13:59:23.935Z] [runtime-status] [10276] Trigger "api" has been found, beginning invocation! {"metadata":{"emulator":{"name":"functions"},"function":{"name":"api"},"message":"[runtime-status] [10276] Trigger \"api\" has been found, beginning invocation!"}}
[info] i  functions: Beginning execution of "api" {"metadata":{"emulator":{"name":"functions"},"function":{"name":"api"},"message":"Beginning execution of \"api\""}}
[debug] [2020-09-11T13:59:23.936Z] [runtime-status] [10276] triggerDefinition {"httpsTrigger":{},"name":"api","entryPoint":"api"} {"metadata":{"emulator":{"name":"functions"},"function":{"name":"api"},"message":"[runtime-status] [10276] triggerDefinition {\"httpsTrigger\":{},\"name\":\"api\",\"entryPoint\":\"api\"}"}}
[debug] [2020-09-11T13:59:23.936Z] [runtime-status] [10276] Running api in mode HTTPS {"metadata":{"emulator":{"name":"functions"},"function":{"name":"api"},"message":"[runtime-status] [10276] Running api in mode HTTPS"}}
[debug] [2020-09-11T13:59:23.936Z] [runtime-status] [10276] Attempting to listen to socketPath: \\?\pipe\F:\Web Projects\React Apps\amazon-clone\functions\10276 {"metadata":{"emulator":{"name":"functions"},"function":{"name":"api"},"message":"[runtime-status] [10276] Attempting to listen to socketPath: \\\\?\\pipe\\F:\\Web Projects\\React Apps\\amazon-clone\\functions\\10276"}}
[debug] [2020-09-11T13:59:23.937Z] [functions] Runtime ready! Sending request! {"metadata":{"emulator":{"name":"functions"},"message":"[functions] Runtime ready! Sending request!"}}
[debug] [2020-09-11T13:59:23.940Z] [runtime-status] [10276] Ephemeral server handling GET request {"metadata":{"emulator":{"name":"functions"},"function":{"name":"api"},"message":"[runtime-status] [10276] Ephemeral server handling GET request"}}
[debug] [2020-09-11T13:59:23.941Z] [runtime-status] [10276] Ephemeral server survived. {"metadata":{"emulator":{"name":"functions"},"function":{"name":"api"},"message":"[runtime-status] [10276] Ephemeral server survived."}}
[info] i  functions: Finished "api" in ~1s {"metadata":{"emulator":{"name":"functions"},"function":{"name":"api"},"message":"Finished \"api\" in ~1s"}}
[debug] [2020-09-11T13:59:23.955Z] [work-queue] {"queueLength":1,"workRunningCount":1}
[debug] [2020-09-11T13:59:23.955Z] [work-queue] {"queueLength":0,"workRunningCount":2}
[debug] [2020-09-11T13:59:23.955Z] Accepted request GET /clone-1a11b/us-central1/api --> api
[debug] [2020-09-11T13:59:23.955Z] [worker-pool] submitWork(triggerId=api) {"metadata":{"emulator":{"name":"functions"},"message":"[worker-pool] submitWork(triggerId=api)"}}
[debug] [2020-09-11T13:59:23.956Z] [worker-api-75d80483-4b29-4cb7-8894-05f446d7f794]: Assigning socketPath: \\?\pipe\F:\Web Projects\React Apps\amazon-clone\functions\4828 {"metadata":{"emulator":{"name":"functions"},"message":"[worker-api-75d80483-4b29-4cb7-8894-05f446d7f794]: Assigning socketPath: \\\\?\\pipe\\F:\\Web Projects\\React Apps\\amazon-clone\\functions\\4828"}}
[debug] [2020-09-11T13:59:23.956Z] [worker-api-75d80483-4b29-4cb7-8894-05f446d7f794]: BUSY {"metadata":{"emulator":{"name":"functions"},"message":"[worker-api-75d80483-4b29-4cb7-8894-05f446d7f794]: BUSY"}}
[debug] [2020-09-11T13:59:23.957Z] [worker-api-e07d07f9-1127-4e46-b2f7-52556183eaaf]: IDLE {"metadata":{"emulator":{"name":"functions"},"message":"[worker-api-e07d07f9-1127-4e46-b2f7-52556183eaaf]: IDLE"}}
[debug] [2020-09-11T13:59:23.958Z] [work-queue] {"queueLength":0,"workRunningCount":1}
[debug] [2020-09-11T13:59:23.958Z] [runtime-status] [4828] Trigger "api" has been found, beginning invocation! {"metadata":{"emulator":{"name":"functions"},"function":{"name":"api"},"message":"[runtime-status] [4828] Trigger \"api\" has been found, beginning invocation!"}}
[info] i  functions: Beginning execution of "api" {"metadata":{"emulator":{"name":"functions"},"function":{"name":"api"},"message":"Beginning execution of \"api\""}}
[debug] [2020-09-11T13:59:23.979Z] [runtime-status] [4828] triggerDefinition {"httpsTrigger":{},"name":"api","entryPoint":"api"} {"metadata":{"emulator":{"name":"functions"},"function":{"name":"api"},"message":"[runtime-status] [4828] triggerDefinition {\"httpsTrigger\":{},\"name\":\"api\",\"entryPoint\":\"api\"}"}}
[debug] [2020-09-11T13:59:23.979Z] [runtime-status] [4828] Running api in mode HTTPS {"metadata":{"emulator":{"name":"functions"},"function":{"name":"api"},"message":"[runtime-status] [4828] Running api in mode HTTPS"}}
[debug] [2020-09-11T13:59:23.980Z] [runtime-status] [4828] Attempting to listen to socketPath: \\?\pipe\F:\Web Projects\React Apps\amazon-clone\functions\4828 {"metadata":{"emulator":{"name":"functions"},"function":{"name":"api"},"message":"[runtime-status] [4828] Attempting to listen to socketPath: \\\\?\\pipe\\F:\\Web Projects\\React Apps\\amazon-clone\\functions\\4828"}}
[debug] [2020-09-11T13:59:23.982Z] [functions] Runtime ready! Sending request! {"metadata":{"emulator":{"name":"functions"},"message":"[functions] Runtime ready! Sending request!"}}
[debug] [2020-09-11T13:59:23.987Z] [runtime-status] [4828] Ephemeral server handling GET request {"metadata":{"emulator":{"name":"functions"},"function":{"name":"api"},"message":"[runtime-status] [4828] Ephemeral server handling GET request"}}
[debug] [2020-09-11T13:59:23.988Z] [runtime-status] [4828] Ephemeral server survived. {"metadata":{"emulator":{"name":"functions"},"function":{"name":"api"},"message":"[runtime-status] [4828] Ephemeral server survived."}}
[info] i  functions: Finished "api" in ~1s {"metadata":{"emulator":{"name":"functions"},"function":{"name":"api"},"message":"Finished \"api\" in ~1s"}}
[debug] [2020-09-11T13:59:23.990Z] [worker-api-75d80483-4b29-4cb7-8894-05f446d7f794]: IDLE {"metadata":{"emulator":{"name":"functions"},"message":"[worker-api-75d80483-4b29-4cb7-8894-05f446d7f794]: IDLE"}}
[debug] [2020-09-11T13:59:23.990Z] [work-queue] {"queueLength":0,"workRunningCount":0}
[debug] [2020-09-11T14:02:21.567Z] [work-queue] {"queueLength":1,"workRunningCount":0}
[debug] [2020-09-11T14:02:21.567Z] [work-queue] {"queueLength":0,"workRunningCount":1}
[debug] [2020-09-11T14:02:21.567Z] Accepted request GET /clone-1a11b/us-central1/api/payments/create?total=100 --> api
[debug] [2020-09-11T14:02:21.567Z] [worker-pool] submitWork(triggerId=api) {"metadata":{"emulator":{"name":"functions"},"message":"[worker-pool] submitWork(triggerId=api)"}}
[debug] [2020-09-11T14:02:21.567Z] [worker-api-e07d07f9-1127-4e46-b2f7-52556183eaaf]: Assigning socketPath: \\?\pipe\F:\Web Projects\React Apps\amazon-clone\functions\10276 {"metadata":{"emulator":{"name":"functions"},"message":"[worker-api-e07d07f9-1127-4e46-b2f7-52556183eaaf]: Assigning socketPath: \\\\?\\pipe\\F:\\Web Projects\\React Apps\\amazon-clone\\functions\\10276"}}
[debug] [2020-09-11T14:02:21.567Z] [worker-api-e07d07f9-1127-4e46-b2f7-52556183eaaf]: BUSY {"metadata":{"emulator":{"name":"functions"},"message":"[worker-api-e07d07f9-1127-4e46-b2f7-52556183eaaf]: BUSY"}}
[debug] [2020-09-11T14:02:21.568Z] [runtime-status] [10276] Trigger "api" has been found, beginning invocation! {"metadata":{"emulator":{"name":"functions"},"function":{"name":"api"},"message":"[runtime-status] [10276] Trigger \"api\" has been found, beginning invocation!"}}
[info] i  functions: Beginning execution of "api" {"metadata":{"emulator":{"name":"functions"},"function":{"name":"api"},"message":"Beginning execution of \"api\""}}
[debug] [2020-09-11T14:02:21.569Z] [runtime-status] [10276] triggerDefinition {"httpsTrigger":{},"name":"api","entryPoint":"api"} {"metadata":{"emulator":{"name":"functions"},"function":{"name":"api"},"message":"[runtime-status] [10276] triggerDefinition {\"httpsTrigger\":{},\"name\":\"api\",\"entryPoint\":\"api\"}"}}
[debug] [2020-09-11T14:02:21.569Z] [runtime-status] [10276] Running api in mode HTTPS {"metadata":{"emulator":{"name":"functions"},"function":{"name":"api"},"message":"[runtime-status] [10276] Running api in mode HTTPS"}}
[debug] [2020-09-11T14:02:21.569Z] [runtime-status] [10276] Attempting to listen to socketPath: \\?\pipe\F:\Web Projects\React Apps\amazon-clone\functions\10276 {"metadata":{"emulator":{"name":"functions"},"function":{"name":"api"},"message":"[runtime-status] [10276] Attempting to listen to socketPath: \\\\?\\pipe\\F:\\Web Projects\\React Apps\\amazon-clone\\functions\\10276"}}
[debug] [2020-09-11T14:02:21.570Z] [functions] Runtime ready! Sending request! {"metadata":{"emulator":{"name":"functions"},"message":"[functions] Runtime ready! Sending request!"}}
[debug] [2020-09-11T14:02:21.573Z] [runtime-status] [10276] Ephemeral server handling GET request {"metadata":{"emulator":{"name":"functions"},"function":{"name":"api"},"message":"[runtime-status] [10276] Ephemeral server handling GET request"}}
[debug] [2020-09-11T14:02:21.575Z] [runtime-status] [10276] Ephemeral server survived. {"metadata":{"emulator":{"name":"functions"},"function":{"name":"api"},"message":"[runtime-status] [10276] Ephemeral server survived."}}
[info] i  functions: Finished "api" in ~1s {"metadata":{"emulator":{"name":"functions"},"function":{"name":"api"},"message":"Finished \"api\" in ~1s"}}
[debug] [2020-09-11T14:02:21.577Z] [worker-api-e07d07f9-1127-4e46-b2f7-52556183eaaf]: IDLE {"metadata":{"emulator":{"name":"functions"},"message":"[worker-api-e07d07f9-1127-4e46-b2f7-52556183eaaf]: IDLE"}}
[debug] [2020-09-11T14:02:21.577Z] [work-queue] {"queueLength":0,"workRunningCount":0}
[debug] [2020-09-11T14:06:51.533Z] [work-queue] {"queueLength":1,"workRunningCount":0}
[debug] [2020-09-11T14:06:51.533Z] [work-queue] {"queueLength":0,"workRunningCount":1}
[debug] [2020-09-11T14:06:51.533Z] Accepted request POST /clone-1a11b/us-central1/api/payments/create?total=38993 --> api
[debug] [2020-09-11T14:06:51.533Z] [worker-pool] submitWork(triggerId=api) {"metadata":{"emulator":{"name":"functions"},"message":"[worker-pool] submitWork(triggerId=api)"}}
[debug] [2020-09-11T14:06:51.533Z] [worker-api-e07d07f9-1127-4e46-b2f7-52556183eaaf]: Assigning socketPath: \\?\pipe\F:\Web Projects\React Apps\amazon-clone\functions\10276 {"metadata":{"emulator":{"name":"functions"},"message":"[worker-api-e07d07f9-1127-4e46-b2f7-52556183eaaf]: Assigning socketPath: \\\\?\\pipe\\F:\\Web Projects\\React Apps\\amazon-clone\\functions\\10276"}}
[debug] [2020-09-11T14:06:51.533Z] [worker-api-e07d07f9-1127-4e46-b2f7-52556183eaaf]: BUSY {"metadata":{"emulator":{"name":"functions"},"message":"[worker-api-e07d07f9-1127-4e46-b2f7-52556183eaaf]: BUSY"}}
[debug] [2020-09-11T14:06:51.534Z] [runtime-status] [10276] Trigger "api" has been found, beginning invocation! {"metadata":{"emulator":{"name":"functions"},"function":{"name":"api"},"message":"[runtime-status] [10276] Trigger \"api\" has been found, beginning invocation!"}}
[info] i  functions: Beginning execution of "api" {"metadata":{"emulator":{"name":"functions"},"function":{"name":"api"},"message":"Beginning execution of \"api\""}}
[debug] [2020-09-11T14:06:51.535Z] [runtime-status] [10276] triggerDefinition {"httpsTrigger":{},"name":"api","entryPoint":"api"} {"metadata":{"emulator":{"name":"functions"},"function":{"name":"api"},"message":"[runtime-status] [10276] triggerDefinition {\"httpsTrigger\":{},\"name\":\"api\",\"entryPoint\":\"api\"}"}}
[debug] [2020-09-11T14:06:51.536Z] [runtime-status] [10276] Running api in mode HTTPS {"metadata":{"emulator":{"name":"functions"},"function":{"name":"api"},"message":"[runtime-status] [10276] Running api in mode HTTPS"}}
[debug] [2020-09-11T14:06:51.536Z] [runtime-status] [10276] Attempting to listen to socketPath: \\?\pipe\F:\Web Projects\React Apps\amazon-clone\functions\10276 {"metadata":{"emulator":{"name":"functions"},"function":{"name":"api"},"message":"[runtime-status] [10276] Attempting to listen to socketPath: \\\\?\\pipe\\F:\\Web Projects\\React Apps\\amazon-clone\\functions\\10276"}}
[debug] [2020-09-11T14:06:51.537Z] [functions] Runtime ready! Sending request! {"metadata":{"emulator":{"name":"functions"},"message":"[functions] Runtime ready! Sending request!"}}
[debug] [2020-09-11T14:06:51.541Z] [runtime-status] [10276] Ephemeral server handling POST request {"metadata":{"emulator":{"name":"functions"},"function":{"name":"api"},"message":"[runtime-status] [10276] Ephemeral server handling POST request"}}
[info] >  Payment Request Recieved BOOM!!! for this amount >>>  38993 {"user":"Payment Request Recieved BOOM!!! for this amount >>>  38993","metadata":{"emulator":{"name":"functions"},"function":{"name":"api"},"message":"\u001b[90m> \u001b[39m Payment Request Recieved BOOM!!! for this amount >>>  38993"}}
[debug] [2020-09-11T14:06:51.554Z] [runtime-status] [10276] Ephemeral server survived. {"metadata":{"emulator":{"name":"functions"},"function":{"name":"api"},"message":"[runtime-status] [10276] Ephemeral server survived."}}
[info] i  functions: Finished "api" in ~1s {"metadata":{"emulator":{"name":"functions"},"function":{"name":"api"},"message":"Finished \"api\" in ~1s"}}
[debug] [2020-09-11T14:06:52.718Z] [worker-api-e07d07f9-1127-4e46-b2f7-52556183eaaf]: IDLE {"metadata":{"emulator":{"name":"functions"},"message":"[worker-api-e07d07f9-1127-4e46-b2f7-52556183eaaf]: IDLE"}}
[debug] [2020-09-11T14:06:52.718Z] [work-queue] {"queueLength":0,"workRunningCount":0}
[debug] [2020-09-11T14:07:01.115Z] [work-queue] {"queueLength":1,"workRunningCount":0}
[debug] [2020-09-11T14:07:01.115Z] [work-queue] {"queueLength":0,"workRunningCount":1}
[debug] [2020-09-11T14:07:01.116Z] Accepted request POST /clone-1a11b/us-central1/api/payments/create?total=38993 --> api
[debug] [2020-09-11T14:07:01.116Z] [worker-pool] submitWork(triggerId=api) {"metadata":{"emulator":{"name":"functions"},"message":"[worker-pool] submitWork(triggerId=api)"}}
[debug] [2020-09-11T14:07:01.116Z] [worker-api-e07d07f9-1127-4e46-b2f7-52556183eaaf]: Assigning socketPath: \\?\pipe\F:\Web Projects\React Apps\amazon-clone\functions\10276 {"metadata":{"emulator":{"name":"functions"},"message":"[worker-api-e07d07f9-1127-4e46-b2f7-52556183eaaf]: Assigning socketPath: \\\\?\\pipe\\F:\\Web Projects\\React Apps\\amazon-clone\\functions\\10276"}}
[debug] [2020-09-11T14:07:01.116Z] [worker-api-e07d07f9-1127-4e46-b2f7-52556183eaaf]: BUSY {"metadata":{"emulator":{"name":"functions"},"message":"[worker-api-e07d07f9-1127-4e46-b2f7-52556183eaaf]: BUSY"}}
[debug] [2020-09-11T14:07:01.117Z] [runtime-status] [10276] Trigger "api" has been found, beginning invocation! {"metadata":{"emulator":{"name":"functions"},"function":{"name":"api"},"message":"[runtime-status] [10276] Trigger \"api\" has been found, beginning invocation!"}}
[info] i  functions: Beginning execution of "api" {"metadata":{"emulator":{"name":"functions"},"function":{"name":"api"},"message":"Beginning execution of \"api\""}}
[debug] [2020-09-11T14:07:01.119Z] [runtime-status] [10276] triggerDefinition {"httpsTrigger":{},"name":"api","entryPoint":"api"} {"metadata":{"emulator":{"name":"functions"},"function":{"name":"api"},"message":"[runtime-status] [10276] triggerDefinition {\"httpsTrigger\":{},\"name\":\"api\",\"entryPoint\":\"api\"}"}}
[debug] [2020-09-11T14:07:01.120Z] [runtime-status] [10276] Running api in mode HTTPS {"metadata":{"emulator":{"name":"functions"},"function":{"name":"api"},"message":"[runtime-status] [10276] Running api in mode HTTPS"}}
[debug] [2020-09-11T14:07:01.120Z] [runtime-status] [10276] Attempting to listen to socketPath: \\?\pipe\F:\Web Projects\React Apps\amazon-clone\functions\10276 {"metadata":{"emulator":{"name":"functions"},"function":{"name":"api"},"message":"[runtime-status] [10276] Attempting to listen to socketPath: \\\\?\\pipe\\F:\\Web Projects\\React Apps\\amazon-clone\\functions\\10276"}}
[debug] [2020-09-11T14:07:01.122Z] [functions] Runtime ready! Sending request! {"metadata":{"emulator":{"name":"functions"},"message":"[functions] Runtime ready! Sending request!"}}
[debug] [2020-09-11T14:07:01.127Z] [runtime-status] [10276] Ephemeral server handling POST request {"metadata":{"emulator":{"name":"functions"},"function":{"name":"api"},"message":"[runtime-status] [10276] Ephemeral server handling POST request"}}
[info] >  Payment Request Recieved BOOM!!! for this amount >>>  38993 {"user":"Payment Request Recieved BOOM!!! for this amount >>>  38993","metadata":{"emulator":{"name":"functions"},"function":{"name":"api"},"message":"\u001b[90m> \u001b[39m Payment Request Recieved BOOM!!! for this amount >>>  38993"}}
[debug] [2020-09-11T14:07:01.129Z] [runtime-status] [10276] Ephemeral server survived. {"metadata":{"emulator":{"name":"functions"},"function":{"name":"api"},"message":"[runtime-status] [10276] Ephemeral server survived."}}
[info] i  functions: Finished "api" in ~1s {"metadata":{"emulator":{"name":"functions"},"function":{"name":"api"},"message":"Finished \"api\" in ~1s"}}
[debug] [2020-09-11T14:07:01.520Z] [worker-api-e07d07f9-1127-4e46-b2f7-52556183eaaf]: IDLE {"metadata":{"emulator":{"name":"functions"},"message":"[worker-api-e07d07f9-1127-4e46-b2f7-52556183eaaf]: IDLE"}}
[debug] [2020-09-11T14:07:01.520Z] [work-queue] {"queueLength":0,"workRunningCount":0}
[debug] [2020-09-11T14:07:17.413Z] [work-queue] {"queueLength":1,"workRunningCount":0}
[debug] [2020-09-11T14:07:17.413Z] [work-queue] {"queueLength":0,"workRunningCount":1}
[debug] [2020-09-11T14:07:17.413Z] Accepted request GET /clone-1a11b/us-central1/api --> api
[debug] [2020-09-11T14:07:17.413Z] [worker-pool] submitWork(triggerId=api) {"metadata":{"emulator":{"name":"functions"},"message":"[worker-pool] submitWork(triggerId=api)"}}
[debug] [2020-09-11T14:07:17.414Z] [worker-api-e07d07f9-1127-4e46-b2f7-52556183eaaf]: Assigning socketPath: \\?\pipe\F:\Web Projects\React Apps\amazon-clone\functions\10276 {"metadata":{"emulator":{"name":"functions"},"message":"[worker-api-e07d07f9-1127-4e46-b2f7-52556183eaaf]: Assigning socketPath: \\\\?\\pipe\\F:\\Web Projects\\React Apps\\amazon-clone\\functions\\10276"}}
[debug] [2020-09-11T14:07:17.414Z] [worker-api-e07d07f9-1127-4e46-b2f7-52556183eaaf]: BUSY {"metadata":{"emulator":{"name":"functions"},"message":"[worker-api-e07d07f9-1127-4e46-b2f7-52556183eaaf]: BUSY"}}
[debug] [2020-09-11T14:07:17.414Z] [runtime-status] [10276] Trigger "api" has been found, beginning invocation! {"metadata":{"emulator":{"name":"functions"},"function":{"name":"api"},"message":"[runtime-status] [10276] Trigger \"api\" has been found, beginning invocation!"}}
[info] i  functions: Beginning execution of "api" {"metadata":{"emulator":{"name":"functions"},"function":{"name":"api"},"message":"Beginning execution of \"api\""}}
[debug] [2020-09-11T14:07:17.415Z] [runtime-status] [10276] triggerDefinition {"httpsTrigger":{},"name":"api","entryPoint":"api"} {"metadata":{"emulator":{"name":"functions"},"function":{"name":"api"},"message":"[runtime-status] [10276] triggerDefinition {\"httpsTrigger\":{},\"name\":\"api\",\"entryPoint\":\"api\"}"}}
[debug] [2020-09-11T14:07:17.415Z] [runtime-status] [10276] Running api in mode HTTPS {"metadata":{"emulator":{"name":"functions"},"function":{"name":"api"},"message":"[runtime-status] [10276] Running api in mode HTTPS"}}
[debug] [2020-09-11T14:07:17.416Z] [runtime-status] [10276] Attempting to listen to socketPath: \\?\pipe\F:\Web Projects\React Apps\amazon-clone\functions\10276 {"metadata":{"emulator":{"name":"functions"},"function":{"name":"api"},"message":"[runtime-status] [10276] Attempting to listen to socketPath: \\\\?\\pipe\\F:\\Web Projects\\React Apps\\amazon-clone\\functions\\10276"}}
[debug] [2020-09-11T14:07:17.417Z] [functions] Runtime ready! Sending request! {"metadata":{"emulator":{"name":"functions"},"message":"[functions] Runtime ready! Sending request!"}}
[debug] [2020-09-11T14:07:17.420Z] [runtime-status] [10276] Ephemeral server handling GET request {"metadata":{"emulator":{"name":"functions"},"function":{"name":"api"},"message":"[runtime-status] [10276] Ephemeral server handling GET request"}}
[debug] [2020-09-11T14:07:17.420Z] [runtime-status] [10276] Ephemeral server survived. {"metadata":{"emulator":{"name":"functions"},"function":{"name":"api"},"message":"[runtime-status] [10276] Ephemeral server survived."}}
[info] i  functions: Finished "api" in ~1s {"metadata":{"emulator":{"name":"functions"},"function":{"name":"api"},"message":"Finished \"api\" in ~1s"}}
[debug] [2020-09-11T14:07:17.424Z] [worker-api-e07d07f9-1127-4e46-b2f7-52556183eaaf]: IDLE {"metadata":{"emulator":{"name":"functions"},"message":"[worker-api-e07d07f9-1127-4e46-b2f7-52556183eaaf]: IDLE"}}
[debug] [2020-09-11T14:07:17.425Z] [work-queue] {"queueLength":0,"workRunningCount":0}
[debug] [2020-09-11T14:16:14.325Z] [work-queue] {"queueLength":1,"workRunningCount":0}
[debug] [2020-09-11T14:16:14.325Z] [work-queue] {"queueLength":0,"workRunningCount":1}
[debug] [2020-09-11T14:16:14.325Z] Accepted request POST /clone-1a11b/us-central1/api/payments/create?total=116980 --> api
[debug] [2020-09-11T14:16:14.325Z] [worker-pool] submitWork(triggerId=api) {"metadata":{"emulator":{"name":"functions"},"message":"[worker-pool] submitWork(triggerId=api)"}}
[debug] [2020-09-11T14:16:14.325Z] [worker-api-e07d07f9-1127-4e46-b2f7-52556183eaaf]: Assigning socketPath: \\?\pipe\F:\Web Projects\React Apps\amazon-clone\functions\10276 {"metadata":{"emulator":{"name":"functions"},"message":"[worker-api-e07d07f9-1127-4e46-b2f7-52556183eaaf]: Assigning socketPath: \\\\?\\pipe\\F:\\Web Projects\\React Apps\\amazon-clone\\functions\\10276"}}
[debug] [2020-09-11T14:16:14.325Z] [worker-api-e07d07f9-1127-4e46-b2f7-52556183eaaf]: BUSY {"metadata":{"emulator":{"name":"functions"},"message":"[worker-api-e07d07f9-1127-4e46-b2f7-52556183eaaf]: BUSY"}}
[debug] [2020-09-11T14:16:14.326Z] [runtime-status] [10276] Trigger "api" has been found, beginning invocation! {"metadata":{"emulator":{"name":"functions"},"function":{"name":"api"},"message":"[runtime-status] [10276] Trigger \"api\" has been found, beginning invocation!"}}
[info] i  functions: Beginning execution of "api" {"metadata":{"emulator":{"name":"functions"},"function":{"name":"api"},"message":"Beginning execution of \"api\""}}
[debug] [2020-09-11T14:16:14.327Z] [runtime-status] [10276] triggerDefinition {"httpsTrigger":{},"name":"api","entryPoint":"api"} {"metadata":{"emulator":{"name":"functions"},"function":{"name":"api"},"message":"[runtime-status] [10276] triggerDefinition {\"httpsTrigger\":{},\"name\":\"api\",\"entryPoint\":\"api\"}"}}
[debug] [2020-09-11T14:16:14.327Z] [runtime-status] [10276] Running api in mode HTTPS {"metadata":{"emulator":{"name":"functions"},"function":{"name":"api"},"message":"[runtime-status] [10276] Running api in mode HTTPS"}}
[debug] [2020-09-11T14:16:14.327Z] [runtime-status] [10276] Attempting to listen to socketPath: \\?\pipe\F:\Web Projects\React Apps\amazon-clone\functions\10276 {"metadata":{"emulator":{"name":"functions"},"function":{"name":"api"},"message":"[runtime-status] [10276] Attempting to listen to socketPath: \\\\?\\pipe\\F:\\Web Projects\\React Apps\\amazon-clone\\functions\\10276"}}
[debug] [2020-09-11T14:16:14.328Z] [functions] Runtime ready! Sending request! {"metadata":{"emulator":{"name":"functions"},"message":"[functions] Runtime ready! Sending request!"}}
[debug] [2020-09-11T14:16:14.330Z] [runtime-status] [10276] Ephemeral server handling POST request {"metadata":{"emulator":{"name":"functions"},"function":{"name":"api"},"message":"[runtime-status] [10276] Ephemeral server handling POST request"}}
[info] >  Payment Request Recieved BOOM!!! for this amount >>>  116980 {"user":"Payment Request Recieved BOOM!!! for this amount >>>  116980","metadata":{"emulator":{"name":"functions"},"function":{"name":"api"},"message":"\u001b[90m> \u001b[39m Payment Request Recieved BOOM!!! for this amount >>>  116980"}}
[debug] [2020-09-11T14:16:14.332Z] [runtime-status] [10276] Ephemeral server survived. {"metadata":{"emulator":{"name":"functions"},"function":{"name":"api"},"message":"[runtime-status] [10276] Ephemeral server survived."}}
[info] i  functions: Finished "api" in ~1s {"metadata":{"emulator":{"name":"functions"},"function":{"name":"api"},"message":"Finished \"api\" in ~1s"}}
[debug] [2020-09-11T14:16:15.139Z] [worker-api-e07d07f9-1127-4e46-b2f7-52556183eaaf]: IDLE {"metadata":{"emulator":{"name":"functions"},"message":"[worker-api-e07d07f9-1127-4e46-b2f7-52556183eaaf]: IDLE"}}
[debug] [2020-09-11T14:16:15.139Z] [work-queue] {"queueLength":0,"workRunningCount":0}
[debug] [2020-09-11T14:17:12.474Z] [work-queue] {"queueLength":1,"workRunningCount":0}
[debug] [2020-09-11T14:17:12.474Z] [work-queue] {"queueLength":0,"workRunningCount":1}
[debug] [2020-09-11T14:17:12.474Z] Accepted request POST /clone-1a11b/us-central1/api/payments/create?total=9994.999999999998 --> api
[debug] [2020-09-11T14:17:12.474Z] [worker-pool] submitWork(triggerId=api) {"metadata":{"emulator":{"name":"functions"},"message":"[worker-pool] submitWork(triggerId=api)"}}
[debug] [2020-09-11T14:17:12.474Z] [worker-api-e07d07f9-1127-4e46-b2f7-52556183eaaf]: Assigning socketPath: \\?\pipe\F:\Web Projects\React Apps\amazon-clone\functions\10276 {"metadata":{"emulator":{"name":"functions"},"message":"[worker-api-e07d07f9-1127-4e46-b2f7-52556183eaaf]: Assigning socketPath: \\\\?\\pipe\\F:\\Web Projects\\React Apps\\amazon-clone\\functions\\10276"}}
[debug] [2020-09-11T14:17:12.475Z] [worker-api-e07d07f9-1127-4e46-b2f7-52556183eaaf]: BUSY {"metadata":{"emulator":{"name":"functions"},"message":"[worker-api-e07d07f9-1127-4e46-b2f7-52556183eaaf]: BUSY"}}
[debug] [2020-09-11T14:17:12.475Z] [runtime-status] [10276] Trigger "api" has been found, beginning invocation! {"metadata":{"emulator":{"name":"functions"},"function":{"name":"api"},"message":"[runtime-status] [10276] Trigger \"api\" has been found, beginning invocation!"}}
[info] i  functions: Beginning execution of "api" {"metadata":{"emulator":{"name":"functions"},"function":{"name":"api"},"message":"Beginning execution of \"api\""}}
[debug] [2020-09-11T14:17:12.477Z] [runtime-status] [10276] triggerDefinition {"httpsTrigger":{},"name":"api","entryPoint":"api"} {"metadata":{"emulator":{"name":"functions"},"function":{"name":"api"},"message":"[runtime-status] [10276] triggerDefinition {\"httpsTrigger\":{},\"name\":\"api\",\"entryPoint\":\"api\"}"}}
[debug] [2020-09-11T14:17:12.477Z] [runtime-status] [10276] Running api in mode HTTPS {"metadata":{"emulator":{"name":"functions"},"function":{"name":"api"},"message":"[runtime-status] [10276] Running api in mode HTTPS"}}
[debug] [2020-09-11T14:17:12.478Z] [runtime-status] [10276] Attempting to listen to socketPath: \\?\pipe\F:\Web Projects\React Apps\amazon-clone\functions\10276 {"metadata":{"emulator":{"name":"functions"},"function":{"name":"api"},"message":"[runtime-status] [10276] Attempting to listen to socketPath: \\\\?\\pipe\\F:\\Web Projects\\React Apps\\amazon-clone\\functions\\10276"}}
[debug] [2020-09-11T14:17:12.480Z] [functions] Runtime ready! Sending request! {"metadata":{"emulator":{"name":"functions"},"message":"[functions] Runtime ready! Sending request!"}}
[debug] [2020-09-11T14:17:12.484Z] [runtime-status] [10276] Ephemeral server handling POST request {"metadata":{"emulator":{"name":"functions"},"function":{"name":"api"},"message":"[runtime-status] [10276] Ephemeral server handling POST request"}}
[info] >  Payment Request Recieved BOOM!!! for this amount >>>  9994.999999999998 {"user":"Payment Request Recieved BOOM!!! for this amount >>>  9994.999999999998","metadata":{"emulator":{"name":"functions"},"function":{"name":"api"},"message":"\u001b[90m> \u001b[39m Payment Request Recieved BOOM!!! for this amount >>>  9994.999999999998"}}
[debug] [2020-09-11T14:17:12.488Z] [runtime-status] [10276] Ephemeral server survived. {"metadata":{"emulator":{"name":"functions"},"function":{"name":"api"},"message":"[runtime-status] [10276] Ephemeral server survived."}}
[info] >  (node:10276) UnhandledPromiseRejectionWarning: Error: Invalid integer: 9994.999999999998 {"user":"(node:10276) UnhandledPromiseRejectionWarning: Error: Invalid integer: 9994.999999999998","metadata":{"emulator":{"name":"functions"},"function":{"name":"api"},"message":"\u001b[90m> \u001b[39m (node:10276) UnhandledPromiseRejectionWarning: Error: Invalid integer: 9994.999999999998"}}
[info] >      at Function.generate (F:\Web Projects\React Apps\amazon-clone\functions\node_modules\stripe\lib\Error.js:39:16) {"user":"    at Function.generate (F:\\Web Projects\\React Apps\\amazon-clone\\functions\\node_modules\\stripe\\lib\\Error.js:39:16)","metadata":{"emulator":{"name":"functions"},"function":{"name":"api"},"message":"\u001b[90m> \u001b[39m     at Function.generate (F:\\Web Projects\\React Apps\\amazon-clone\\functions\\node_modules\\stripe\\lib\\Error.js:39:16)"}}
[info] >      at IncomingMessage.<anonymous> (F:\Web Projects\React Apps\amazon-clone\functions\node_modules\stripe\lib\StripeResource.js:190:33) {"user":"    at IncomingMessage.<anonymous> (F:\\Web Projects\\React Apps\\amazon-clone\\functions\\node_modules\\stripe\\lib\\StripeResource.js:190:33)","metadata":{"emulator":{"name":"functions"},"function":{"name":"api"},"message":"\u001b[90m> \u001b[39m     at IncomingMessage.<anonymous> (F:\\Web Projects\\React Apps\\amazon-clone\\functions\\node_modules\\stripe\\lib\\StripeResource.js:190:33)"}}
[info] >      at Object.onceWrapper (events.js:421:28) {"user":"    at Object.onceWrapper (events.js:421:28)","metadata":{"emulator":{"name":"functions"},"function":{"name":"api"},"message":"\u001b[90m> \u001b[39m     at Object.onceWrapper (events.js:421:28)"}}
[info] >      at IncomingMessage.emit (events.js:327:22) {"user":"    at IncomingMessage.emit (events.js:327:22)","metadata":{"emulator":{"name":"functions"},"function":{"name":"api"},"message":"\u001b[90m> \u001b[39m     at IncomingMessage.emit (events.js:327:22)"}}
[info] >      at endReadableNT (_stream_readable.js:1220:12) {"user":"    at endReadableNT (_stream_readable.js:1220:12)","metadata":{"emulator":{"name":"functions"},"function":{"name":"api"},"message":"\u001b[90m> \u001b[39m     at endReadableNT (_stream_readable.js:1220:12)"}}
[info] >      at processTicksAndRejections (internal/process/task_queues.js:84:21) {"user":"    at processTicksAndRejections (internal/process/task_queues.js:84:21)","metadata":{"emulator":{"name":"functions"},"function":{"name":"api"},"message":"\u001b[90m> \u001b[39m     at processTicksAndRejections (internal/process/task_queues.js:84:21)"}}
[info] >  (node:10276) UnhandledPromiseRejectionWarning: Unhandled promise rejection. This error originated either by throwing inside of an async function without a catch block, or by rejecting a promise which was not handled with .catch(). To terminate the node process on unhandled promise rejection, use the CLI flag `--unhandled-rejections=strict` (see https://nodejs.org/api/cli.html#cli_unhandled_rejections_mode). (rejection id: 1) {"user":"(node:10276) UnhandledPromiseRejectionWarning: Unhandled promise rejection. This error originated either by throwing inside of an async function without a catch block, or by rejecting a promise which was not handled with .catch(). To terminate the node process on unhandled promise rejection, use the CLI flag `--unhandled-rejections=strict` (see https://nodejs.org/api/cli.html#cli_unhandled_rejections_mode). (rejection id: 1)","metadata":{"emulator":{"name":"functions"},"function":{"name":"api"},"message":"\u001b[90m> \u001b[39m (node:10276) UnhandledPromiseRejectionWarning: Unhandled promise rejection. This error originated either by throwing inside of an async function without a catch block, or by rejecting a promise which was not handled with .catch(). To terminate the node process on unhandled promise rejection, use the CLI flag `--unhandled-rejections=strict` (see https://nodejs.org/api/cli.html#cli_unhandled_rejections_mode). (rejection id: 1)"}}
[info] >  (node:10276) [DEP0018] DeprecationWarning: Unhandled promise rejections are deprecated. In the future, promise rejections that are not handled will terminate the Node.js process with a non-zero exit code. {"user":"(node:10276) [DEP0018] DeprecationWarning: Unhandled promise rejections are deprecated. In the future, promise rejections that are not handled will terminate the Node.js process with a non-zero exit code.","metadata":{"emulator":{"name":"functions"},"function":{"name":"api"},"message":"\u001b[90m> \u001b[39m (node:10276) [DEP0018] DeprecationWarning: Unhandled promise rejections are deprecated. In the future, promise rejections that are not handled will terminate the Node.js process with a non-zero exit code."}}
[warn] !  functions: Your function timed out after ~60s. To configure this timeout, see
      https://firebase.google.com/docs/functions/manage-functions#set_timeout_and_memory_allocation. {"metadata":{"emulator":{"name":"functions"},"function":{"name":"api"},"message":"Your function timed out after ~60s. To configure this timeout, see\n      https://firebase.google.com/docs/functions/manage-functions#set_timeout_and_memory_allocation."}}
[info] >  C:\Users\HP i7\AppData\Roaming\npm\node_modules\firebase-tools\lib\emulator\functionsEmulatorRuntime.js:642 {"user":"C:\\Users\\HP i7\\AppData\\Roaming\\npm\\node_modules\\firebase-tools\\lib\\emulator\\functionsEmulatorRuntime.js:642\r","metadata":{"emulator":{"name":"functions"},"function":{"name":"api"},"message":"\u001b[90m> \u001b[39m C:\\Users\\HP i7\\AppData\\Roaming\\npm\\node_modules\\firebase-tools\\lib\\emulator\\functionsEmulatorRuntime.js:642\r"}}
[info] >                  throw new Error("Function timed out."); {"user":"                throw new Error(\"Function timed out.\");\r","metadata":{"emulator":{"name":"functions"},"function":{"name":"api"},"message":"\u001b[90m> \u001b[39m                 throw new Error(\"Function timed out.\");\r"}}
[info] >                  ^ {"user":"                ^\r","metadata":{"emulator":{"name":"functions"},"function":{"name":"api"},"message":"\u001b[90m> \u001b[39m                 ^\r"}}
[info] >   {"user":"\r","metadata":{"emulator":{"name":"functions"},"function":{"name":"api"},"message":"\u001b[90m> \u001b[39m \r"}}
[info] >  Error: Function timed out. {"user":"Error: Function timed out.\r","metadata":{"emulator":{"name":"functions"},"function":{"name":"api"},"message":"\u001b[90m> \u001b[39m Error: Function timed out.\r"}}
[info] >      at Timeout._onTimeout (C:\Users\HP i7\AppData\Roaming\npm\node_modules\firebase-tools\lib\emulator\functionsEmulatorRuntime.js:642:23) {"user":"    at Timeout._onTimeout (C:\\Users\\HP i7\\AppData\\Roaming\\npm\\node_modules\\firebase-tools\\lib\\emulator\\functionsEmulatorRuntime.js:642:23)\r","metadata":{"emulator":{"name":"functions"},"function":{"name":"api"},"message":"\u001b[90m> \u001b[39m     at Timeout._onTimeout (C:\\Users\\HP i7\\AppData\\Roaming\\npm\\node_modules\\firebase-tools\\lib\\emulator\\functionsEmulatorRuntime.js:642:23)\r"}}
[info] >      at listOnTimeout (internal/timers.js:549:17) {"user":"    at listOnTimeout (internal/timers.js:549:17)\r","metadata":{"emulator":{"name":"functions"},"function":{"name":"api"},"message":"\u001b[90m> \u001b[39m     at listOnTimeout (internal/timers.js:549:17)\r"}}
[info] >      at processTimers (internal/timers.js:492:7) {"user":"    at processTimers (internal/timers.js:492:7)\r","metadata":{"emulator":{"name":"functions"},"function":{"name":"api"},"message":"\u001b[90m> \u001b[39m     at processTimers (internal/timers.js:492:7)\r"}}
[debug] [2020-09-11T14:18:12.494Z] [worker-api-e07d07f9-1127-4e46-b2f7-52556183eaaf]: exited {"metadata":{"emulator":{"name":"functions"},"message":"[worker-api-e07d07f9-1127-4e46-b2f7-52556183eaaf]: exited"}}
[debug] [2020-09-11T14:18:12.495Z] [worker-api-e07d07f9-1127-4e46-b2f7-52556183eaaf]: FINISHED {"metadata":{"emulator":{"name":"functions"},"message":"[worker-api-e07d07f9-1127-4e46-b2f7-52556183eaaf]: FINISHED"}}
[debug] [2020-09-11T14:18:12.495Z] [work-queue] {"queueLength":0,"workRunningCount":0}
